<?xml version="1.0" encoding="UTF-8"?>
<testng-results ignored="0" total="2" passed="2" failed="0" skipped="0">
  <reporter-output>
  </reporter-output>
  <suite started-at="2019-04-23T14:41:45Z" name="Suite" finished-at="2019-04-23T14:41:57Z" duration-ms="12745">
    <groups>
    </groups>
    <test started-at="2019-04-23T14:41:45Z" name="Test" finished-at="2019-04-23T14:41:57Z" duration-ms="12745">
      <class name="testCase.SignInTest">
        <test-method is-config="true" signature="setUp()[pri:0, instance:testCase.SignInTest@46fa7c39]" started-at="2019-04-23T14:41:45Z" name="setUp" finished-at="2019-04-23T14:41:47Z" duration-ms="2643" status="PASS">
          <reporter-output>
          </reporter-output>
        </test-method> <!-- setUp -->
        <test-method signature="openApplication(java.lang.String)[pri:1, instance:testCase.SignInTest@46fa7c39]" started-at="2019-04-23T14:41:47Z" name="openApplication" finished-at="2019-04-23T14:41:53Z" duration-ms="5657" status="PASS">
          <params>
            <param index="0">
              <value>
                <![CDATA[https://www.cleartrip.com/]]>
              </value>
            </param>
          </params>
          <reporter-output>
          </reporter-output>
        </test-method> <!-- openApplication -->
        <test-method signature="signIn()[pri:2, instance:testCase.SignInTest@46fa7c39]" started-at="2019-04-23T14:41:53Z" name="signIn" finished-at="2019-04-23T14:41:57Z" duration-ms="3600" status="PASS">
          <reporter-output>
          </reporter-output>
        </test-method> <!-- signIn -->
        <test-method is-config="true" signature="tearDown()[pri:0, instance:testCase.SignInTest@46fa7c39]" started-at="2019-04-23T14:41:57Z" name="tearDown" finished-at="2019-04-23T14:41:57Z" duration-ms="826" status="PASS">
          <reporter-output>
          </reporter-output>
        </test-method> <!-- tearDown -->
      </class> <!-- testCase.SignInTest -->
    </test> <!-- Test -->
  </suite> <!-- Suite -->
</testng-results>
