<?xml version="1.0" encoding="UTF-8"?>
<testng-results ignored="0" total="1" passed="1" failed="0" skipped="0">
  <reporter-output>
  </reporter-output>
  <suite started-at="2019-04-23T07:28:49Z" name="NewTest" finished-at="2019-04-23T07:28:57Z" duration-ms="8246">
    <groups>
    </groups>
    <test started-at="2019-04-23T07:28:49Z" name="Command line test" finished-at="2019-04-23T07:28:57Z" duration-ms="8246">
      <class name="NewTest">
        <test-method signature="f()[pri:0, instance:NewTest@1139b2f3]" started-at="2019-04-23T07:28:49Z" name="f" finished-at="2019-04-23T07:28:57Z" duration-ms="8230" status="PASS">
          <reporter-output>
          </reporter-output>
        </test-method> <!-- f -->
      </class> <!-- NewTest -->
    </test> <!-- Command line test -->
  </suite> <!-- NewTest -->
</testng-results>
